This file contains any messages produced by compilers while
running configure, to aid debugging if configure makes a mistake.

It was created by Cuba configure 4.2.2, which was
generated by GNU Autoconf 2.69.  Invocation command line was

  $ ./configure --prefix=/gpfs/projects/MirandaGroup/Vivian/2024/cocoa_dev4/Cocoa/.local

## --------- ##
## Platform. ##
## --------- ##

hostname = cn-nvidia
uname -m = x86_64
uname -r = 3.10.0-1160.81.1.el7.x86_64
uname -s = Linux
uname -v = #1 SMP Fri Dec 16 17:29:43 UTC 2022

/usr/bin/uname -p = x86_64
/bin/uname -X     = unknown

/bin/arch              = x86_64
/usr/bin/arch -k       = unknown
/usr/convex/getsysinfo = unknown
/usr/bin/hostinfo      = unknown
/bin/machine           = unknown
/usr/bin/oslevel       = unknown
/bin/universe          = unknown

PATH: /gpfs/projects/MirandaGroup/Vivian/2024/cocoa_dev4/Cocoa/.local/bin
PATH: /gpfs/projects/MirandaGroup/Vivian/2024/cocoa_dev4/Cocoa/.local/bin
PATH: /gpfs/home/vinmirandabr/data/Vivian/miniconda/envs/cocoa/bin
PATH: /gpfs/home/vinmirandabr/data/Vivian/miniconda/envs/cocoa/bin
PATH: /cm/shared/apps/slurm/17.11.12/sbin
PATH: /cm/shared/apps/slurm/17.11.12/bin
PATH: /gpfs/home/vinmirandabr/data/Vivian/miniconda/condabin
PATH: /cm/local/apps/environment-modules/4.0.0/bin
PATH: /usr/local/bin
PATH: /usr/bin
PATH: /usr/local/sbin
PATH: /usr/sbin
PATH: /opt/ibutils/bin
PATH: /sbin
PATH: /usr/sbin
PATH: /cm/local/apps/environment-modules/4.0.0/bin
PATH: /gpfs/home/vinmirandabr/bin


## ----------- ##
## Core tests. ##
## ----------- ##

configure:2239: checking for x86_64-conda-linux-gnu-gcc
configure:2266: result: /gpfs/home/vinmirandabr/data/Vivian/miniconda/envs/cocoa/bin/x86_64-conda-linux-gnu-cc
configure:2535: checking for C compiler version
configure:2544: /gpfs/home/vinmirandabr/data/Vivian/miniconda/envs/cocoa/bin/x86_64-conda-linux-gnu-cc --version >&5
x86_64-conda-linux-gnu-cc (conda-forge gcc 13.2.0-6) 13.2.0
Copyright (C) 2023 Free Software Foundation, Inc.
This is free software; see the source for copying conditions.  There is NO
warranty; not even for MERCHANTABILITY or FITNESS FOR A PARTICULAR PURPOSE.

configure:2555: $? = 0
configure:2544: /gpfs/home/vinmirandabr/data/Vivian/miniconda/envs/cocoa/bin/x86_64-conda-linux-gnu-cc -v >&5
Reading specs from /gpfs/projects/MirandaGroup/Vivian/miniconda/envs/cocoa/bin/../lib/gcc/x86_64-conda-linux-gnu/13.2.0/specs
could not find specs file conda.specs
COLLECT_GCC=/gpfs/home/vinmirandabr/data/Vivian/miniconda/envs/cocoa/bin/x86_64-conda-linux-gnu-cc
COLLECT_LTO_WRAPPER=/gpfs/projects/MirandaGroup/Vivian/miniconda/envs/cocoa/bin/../libexec/gcc/x86_64-conda-linux-gnu/13.2.0/lto-wrapper
Target: x86_64-conda-linux-gnu
Configured with: ../configure --prefix=/home/conda/feedstock_root/build_artifacts/gcc_compilers_1713751743903/_h_env_placehold_placehold_placehold_placehold_placehold_placehold_placehold_placehold_placehold_placehold_placehold_placehold_placehold_placehold_placehold_placehold_placehold_placeho --with-slibdir=/home/conda/feedstock_root/build_artifacts/gcc_compilers_1713751743903/_h_env_placehold_placehold_placehold_placehold_placehold_placehold_placehold_placehold_placehold_placehold_placehold_placehold_placehold_placehold_placehold_placehold_placehold_placeho/lib --libdir=/home/conda/feedstock_root/build_artifacts/gcc_compilers_1713751743903/_h_env_placehold_placehold_placehold_placehold_placehold_placehold_placehold_placehold_placehold_placehold_placehold_placehold_placehold_placehold_placehold_placehold_placehold_placeho/lib --mandir=/home/conda/feedstock_root/build_artifacts/gcc_compilers_1713751743903/_h_env_placehold_placehold_placehold_placehold_placehold_placehold_placehold_placehold_placehold_placehold_placehold_placehold_placehold_placehold_placehold_placehold_placehold_placeho/man --build=x86_64-conda-linux-gnu --host=x86_64-conda-linux-gnu --target=x86_64-conda-linux-gnu --enable-default-pie --enable-languages=c,c++,fortran,objc,obj-c++ --enable-__cxa_atexit --disable-libmudflap --enable-libgomp --disable-libssp --enable-libquadmath --enable-libquadmath-support --enable-libsanitizer --enable-lto --enable-threads=posix --enable-target-optspace --enable-plugin --enable-gold --disable-nls --disable-bootstrap --disable-multilib --enable-long-long --with-sysroot=/home/conda/feedstock_root/build_artifacts/gcc_compilers_1713751743903/_h_env_placehold_placehold_placehold_placehold_placehold_placehold_placehold_placehold_placehold_placehold_placehold_placehold_placehold_placehold_placehold_placehold_placehold_placeho/x86_64-conda-linux-gnu/sysroot --with-build-sysroot=/home/conda/feedstock_root/build_artifacts/gcc_compilers_1713751743903/_build_env/x86_64-conda-linux-gnu/sysroot --with-gxx-include-dir=/home/conda/feedstock_root/build_artifacts/gcc_compilers_1713751743903/_h_env_placehold_placehold_placehold_placehold_placehold_placehold_placehold_placehold_placehold_placehold_placehold_placehold_placehold_placehold_placehold_placehold_placehold_placeho/x86_64-conda-linux-gnu/include/c++/13.2.0 --with-pkgversion='conda-forge gcc 13.2.0-6' --with-bugurl=https://github.com/conda-forge/ctng-compilers-feedstock/issues/new/choose
Thread model: posix
Supported LTO compression algorithms: zlib
gcc version 13.2.0 (conda-forge gcc 13.2.0-6) 
configure:2555: $? = 0
configure:2544: /gpfs/home/vinmirandabr/data/Vivian/miniconda/envs/cocoa/bin/x86_64-conda-linux-gnu-cc -V >&5
x86_64-conda-linux-gnu-cc: error: unrecognized command-line option '-V'
x86_64-conda-linux-gnu-cc: fatal error: no input files
compilation terminated.
configure:2555: $? = 1
configure:2544: /gpfs/home/vinmirandabr/data/Vivian/miniconda/envs/cocoa/bin/x86_64-conda-linux-gnu-cc -qversion >&5
x86_64-conda-linux-gnu-cc: error: unrecognized command-line option '-qversion'; did you mean '--version'?
x86_64-conda-linux-gnu-cc: fatal error: no input files
compilation terminated.
configure:2555: $? = 1
configure:2575: checking whether the C compiler works
configure:2597: /gpfs/home/vinmirandabr/data/Vivian/miniconda/envs/cocoa/bin/x86_64-conda-linux-gnu-cc -march=nocona -mtune=haswell -ftree-vectorize -fPIC -fstack-protector-strong -fno-plt -O2 -ffunction-sections -pipe -isystem /gpfs/home/vinmirandabr/data/Vivian/miniconda/envs/cocoa/include -I/gpfs/home/vinmirandabr/data/Vivian/miniconda/envs/cocoa/include -I/gpfs/projects/MirandaGroup/Vivian/2024/cocoa_dev4/Cocoa/.local/lib/python3.8/site-packages/numpy/core/include -DNDEBUG -D_FORTIFY_SOURCE=2 -O2 -isystem /gpfs/home/vinmirandabr/data/Vivian/miniconda/envs/cocoa/include -Wl,-O2 -Wl,--sort-common -Wl,--as-needed -Wl,-z,relro -Wl,-z,now -Wl,--disable-new-dtags -Wl,--gc-sections -Wl,--allow-shlib-undefined -Wl,-rpath,/gpfs/home/vinmirandabr/data/Vivian/miniconda/envs/cocoa/lib -Wl,-rpath-link,/gpfs/home/vinmirandabr/data/Vivian/miniconda/envs/cocoa/lib -L/gpfs/home/vinmirandabr/data/Vivian/miniconda/envs/cocoa/lib -L/gpfs/home/vinmirandabr/data/Vivian/miniconda/envs/cocoa/lib -L/gpfs/projects/MirandaGroup/Vivian/2024/cocoa_dev4/Cocoa/.local/lib -L/gpfs/projects/MirandaGroup/Vivian/2024/cocoa_dev4/Cocoa/external_modules/code/PolyChordLite/lib  -Wl,-rpath-link,/gpfs/projects/MirandaGroup/Vivian/2024/cocoa_dev4/Cocoa/external_modules/code/PolyChordLite/lib conftest.c -lm >&5
configure:2601: $? = 0
configure:2649: result: yes
configure:2652: checking for C compiler default output file name
configure:2654: result: a.out
configure:2660: checking for suffix of executables
configure:2667: /gpfs/home/vinmirandabr/data/Vivian/miniconda/envs/cocoa/bin/x86_64-conda-linux-gnu-cc -o conftest -march=nocona -mtune=haswell -ftree-vectorize -fPIC -fstack-protector-strong -fno-plt -O2 -ffunction-sections -pipe -isystem /gpfs/home/vinmirandabr/data/Vivian/miniconda/envs/cocoa/include -I/gpfs/home/vinmirandabr/data/Vivian/miniconda/envs/cocoa/include -I/gpfs/projects/MirandaGroup/Vivian/2024/cocoa_dev4/Cocoa/.local/lib/python3.8/site-packages/numpy/core/include -DNDEBUG -D_FORTIFY_SOURCE=2 -O2 -isystem /gpfs/home/vinmirandabr/data/Vivian/miniconda/envs/cocoa/include -Wl,-O2 -Wl,--sort-common -Wl,--as-needed -Wl,-z,relro -Wl,-z,now -Wl,--disable-new-dtags -Wl,--gc-sections -Wl,--allow-shlib-undefined -Wl,-rpath,/gpfs/home/vinmirandabr/data/Vivian/miniconda/envs/cocoa/lib -Wl,-rpath-link,/gpfs/home/vinmirandabr/data/Vivian/miniconda/envs/cocoa/lib -L/gpfs/home/vinmirandabr/data/Vivian/miniconda/envs/cocoa/lib -L/gpfs/home/vinmirandabr/data/Vivian/miniconda/envs/cocoa/lib -L/gpfs/projects/MirandaGroup/Vivian/2024/cocoa_dev4/Cocoa/.local/lib -L/gpfs/projects/MirandaGroup/Vivian/2024/cocoa_dev4/Cocoa/external_modules/code/PolyChordLite/lib  -Wl,-rpath-link,/gpfs/projects/MirandaGroup/Vivian/2024/cocoa_dev4/Cocoa/external_modules/code/PolyChordLite/lib conftest.c -lm >&5
configure:2671: $? = 0
configure:2693: result: 
configure:2715: checking whether we are cross compiling
configure:2723: /gpfs/home/vinmirandabr/data/Vivian/miniconda/envs/cocoa/bin/x86_64-conda-linux-gnu-cc -o conftest -march=nocona -mtune=haswell -ftree-vectorize -fPIC -fstack-protector-strong -fno-plt -O2 -ffunction-sections -pipe -isystem /gpfs/home/vinmirandabr/data/Vivian/miniconda/envs/cocoa/include -I/gpfs/home/vinmirandabr/data/Vivian/miniconda/envs/cocoa/include -I/gpfs/projects/MirandaGroup/Vivian/2024/cocoa_dev4/Cocoa/.local/lib/python3.8/site-packages/numpy/core/include -DNDEBUG -D_FORTIFY_SOURCE=2 -O2 -isystem /gpfs/home/vinmirandabr/data/Vivian/miniconda/envs/cocoa/include -Wl,-O2 -Wl,--sort-common -Wl,--as-needed -Wl,-z,relro -Wl,-z,now -Wl,--disable-new-dtags -Wl,--gc-sections -Wl,--allow-shlib-undefined -Wl,-rpath,/gpfs/home/vinmirandabr/data/Vivian/miniconda/envs/cocoa/lib -Wl,-rpath-link,/gpfs/home/vinmirandabr/data/Vivian/miniconda/envs/cocoa/lib -L/gpfs/home/vinmirandabr/data/Vivian/miniconda/envs/cocoa/lib -L/gpfs/home/vinmirandabr/data/Vivian/miniconda/envs/cocoa/lib -L/gpfs/projects/MirandaGroup/Vivian/2024/cocoa_dev4/Cocoa/.local/lib -L/gpfs/projects/MirandaGroup/Vivian/2024/cocoa_dev4/Cocoa/external_modules/code/PolyChordLite/lib  -Wl,-rpath-link,/gpfs/projects/MirandaGroup/Vivian/2024/cocoa_dev4/Cocoa/external_modules/code/PolyChordLite/lib conftest.c -lm >&5
configure:2727: $? = 0
configure:2734: ./conftest
configure:2738: $? = 0
configure:2753: result: no
configure:2758: checking for suffix of object files
configure:2780: /gpfs/home/vinmirandabr/data/Vivian/miniconda/envs/cocoa/bin/x86_64-conda-linux-gnu-cc -c -march=nocona -mtune=haswell -ftree-vectorize -fPIC -fstack-protector-strong -fno-plt -O2 -ffunction-sections -pipe -isystem /gpfs/home/vinmirandabr/data/Vivian/miniconda/envs/cocoa/include -I/gpfs/home/vinmirandabr/data/Vivian/miniconda/envs/cocoa/include -I/gpfs/projects/MirandaGroup/Vivian/2024/cocoa_dev4/Cocoa/.local/lib/python3.8/site-packages/numpy/core/include -DNDEBUG -D_FORTIFY_SOURCE=2 -O2 -isystem /gpfs/home/vinmirandabr/data/Vivian/miniconda/envs/cocoa/include conftest.c >&5
configure:2784: $? = 0
configure:2805: result: o
configure:2809: checking whether we are using the GNU C compiler
configure:2828: /gpfs/home/vinmirandabr/data/Vivian/miniconda/envs/cocoa/bin/x86_64-conda-linux-gnu-cc -c -march=nocona -mtune=haswell -ftree-vectorize -fPIC -fstack-protector-strong -fno-plt -O2 -ffunction-sections -pipe -isystem /gpfs/home/vinmirandabr/data/Vivian/miniconda/envs/cocoa/include -I/gpfs/home/vinmirandabr/data/Vivian/miniconda/envs/cocoa/include -I/gpfs/projects/MirandaGroup/Vivian/2024/cocoa_dev4/Cocoa/.local/lib/python3.8/site-packages/numpy/core/include -DNDEBUG -D_FORTIFY_SOURCE=2 -O2 -isystem /gpfs/home/vinmirandabr/data/Vivian/miniconda/envs/cocoa/include conftest.c >&5
configure:2828: $? = 0
configure:2837: result: yes
configure:2846: checking whether /gpfs/home/vinmirandabr/data/Vivian/miniconda/envs/cocoa/bin/x86_64-conda-linux-gnu-cc accepts -g
configure:2866: /gpfs/home/vinmirandabr/data/Vivian/miniconda/envs/cocoa/bin/x86_64-conda-linux-gnu-cc -c -g -DNDEBUG -D_FORTIFY_SOURCE=2 -O2 -isystem /gpfs/home/vinmirandabr/data/Vivian/miniconda/envs/cocoa/include conftest.c >&5
configure:2866: $? = 0
configure:2907: result: yes
configure:2924: checking for /gpfs/home/vinmirandabr/data/Vivian/miniconda/envs/cocoa/bin/x86_64-conda-linux-gnu-cc option to accept ISO C89
configure:2987: /gpfs/home/vinmirandabr/data/Vivian/miniconda/envs/cocoa/bin/x86_64-conda-linux-gnu-cc  -c -march=nocona -mtune=haswell -ftree-vectorize -fPIC -fstack-protector-strong -fno-plt -O2 -ffunction-sections -pipe -isystem /gpfs/home/vinmirandabr/data/Vivian/miniconda/envs/cocoa/include -I/gpfs/home/vinmirandabr/data/Vivian/miniconda/envs/cocoa/include -I/gpfs/projects/MirandaGroup/Vivian/2024/cocoa_dev4/Cocoa/.local/lib/python3.8/site-packages/numpy/core/include -DNDEBUG -D_FORTIFY_SOURCE=2 -O2 -isystem /gpfs/home/vinmirandabr/data/Vivian/miniconda/envs/cocoa/include conftest.c >&5
configure:2987: $? = 0
configure:3000: result: none needed
configure:3029: checking for x86_64-conda-linux-gnu-gfortran
configure:3056: result: /gpfs/home/vinmirandabr/data/Vivian/miniconda/envs/cocoa/bin/x86_64-conda-linux-gnu-gfortran
configure:3126: checking for Fortran compiler version
configure:3135: /gpfs/home/vinmirandabr/data/Vivian/miniconda/envs/cocoa/bin/x86_64-conda-linux-gnu-gfortran --version >&5
GNU Fortran (conda-forge gcc 13.2.0-6) 13.2.0
Copyright (C) 2023 Free Software Foundation, Inc.
This is free software; see the source for copying conditions.  There is NO
warranty; not even for MERCHANTABILITY or FITNESS FOR A PARTICULAR PURPOSE.

configure:3146: $? = 0
configure:3135: /gpfs/home/vinmirandabr/data/Vivian/miniconda/envs/cocoa/bin/x86_64-conda-linux-gnu-gfortran -v >&5
Reading specs from /gpfs/projects/MirandaGroup/Vivian/miniconda/envs/cocoa/bin/../lib/gcc/x86_64-conda-linux-gnu/13.2.0/specs
could not find specs file conda.specs
COLLECT_GCC=/gpfs/home/vinmirandabr/data/Vivian/miniconda/envs/cocoa/bin/x86_64-conda-linux-gnu-gfortran
COLLECT_LTO_WRAPPER=/gpfs/projects/MirandaGroup/Vivian/miniconda/envs/cocoa/bin/../libexec/gcc/x86_64-conda-linux-gnu/13.2.0/lto-wrapper
Target: x86_64-conda-linux-gnu
Configured with: ../configure --prefix=/home/conda/feedstock_root/build_artifacts/gcc_compilers_1713751743903/_h_env_placehold_placehold_placehold_placehold_placehold_placehold_placehold_placehold_placehold_placehold_placehold_placehold_placehold_placehold_placehold_placehold_placehold_placeho --with-slibdir=/home/conda/feedstock_root/build_artifacts/gcc_compilers_1713751743903/_h_env_placehold_placehold_placehold_placehold_placehold_placehold_placehold_placehold_placehold_placehold_placehold_placehold_placehold_placehold_placehold_placehold_placehold_placeho/lib --libdir=/home/conda/feedstock_root/build_artifacts/gcc_compilers_1713751743903/_h_env_placehold_placehold_placehold_placehold_placehold_placehold_placehold_placehold_placehold_placehold_placehold_placehold_placehold_placehold_placehold_placehold_placehold_placeho/lib --mandir=/home/conda/feedstock_root/build_artifacts/gcc_compilers_1713751743903/_h_env_placehold_placehold_placehold_placehold_placehold_placehold_placehold_placehold_placehold_placehold_placehold_placehold_placehold_placehold_placehold_placehold_placehold_placeho/man --build=x86_64-conda-linux-gnu --host=x86_64-conda-linux-gnu --target=x86_64-conda-linux-gnu --enable-default-pie --enable-languages=c,c++,fortran,objc,obj-c++ --enable-__cxa_atexit --disable-libmudflap --enable-libgomp --disable-libssp --enable-libquadmath --enable-libquadmath-support --enable-libsanitizer --enable-lto --enable-threads=posix --enable-target-optspace --enable-plugin --enable-gold --disable-nls --disable-bootstrap --disable-multilib --enable-long-long --with-sysroot=/home/conda/feedstock_root/build_artifacts/gcc_compilers_1713751743903/_h_env_placehold_placehold_placehold_placehold_placehold_placehold_placehold_placehold_placehold_placehold_placehold_placehold_placehold_placehold_placehold_placehold_placehold_placeho/x86_64-conda-linux-gnu/sysroot --with-build-sysroot=/home/conda/feedstock_root/build_artifacts/gcc_compilers_1713751743903/_build_env/x86_64-conda-linux-gnu/sysroot --with-gxx-include-dir=/home/conda/feedstock_root/build_artifacts/gcc_compilers_1713751743903/_h_env_placehold_placehold_placehold_placehold_placehold_placehold_placehold_placehold_placehold_placehold_placehold_placehold_placehold_placehold_placehold_placehold_placehold_placeho/x86_64-conda-linux-gnu/include/c++/13.2.0 --with-pkgversion='conda-forge gcc 13.2.0-6' --with-bugurl=https://github.com/conda-forge/ctng-compilers-feedstock/issues/new/choose
Thread model: posix
Supported LTO compression algorithms: zlib
gcc version 13.2.0 (conda-forge gcc 13.2.0-6) 
configure:3146: $? = 0
configure:3135: /gpfs/home/vinmirandabr/data/Vivian/miniconda/envs/cocoa/bin/x86_64-conda-linux-gnu-gfortran -V >&5
x86_64-conda-linux-gnu-gfortran: error: unrecognized command-line option '-V'
x86_64-conda-linux-gnu-gfortran: fatal error: no input files
compilation terminated.
configure:3146: $? = 1
configure:3135: /gpfs/home/vinmirandabr/data/Vivian/miniconda/envs/cocoa/bin/x86_64-conda-linux-gnu-gfortran -qversion >&5
x86_64-conda-linux-gnu-gfortran: error: unrecognized command-line option '-qversion'; did you mean '--version'?
x86_64-conda-linux-gnu-gfortran: fatal error: no input files
compilation terminated.
configure:3146: $? = 1
configure:3155: checking whether we are using the GNU Fortran compiler
configure:3168: /gpfs/home/vinmirandabr/data/Vivian/miniconda/envs/cocoa/bin/x86_64-conda-linux-gnu-gfortran -c   conftest.F >&5
configure:3168: $? = 0
configure:3177: result: yes
configure:3183: checking whether /gpfs/home/vinmirandabr/data/Vivian/miniconda/envs/cocoa/bin/x86_64-conda-linux-gnu-gfortran accepts -g
configure:3194: /gpfs/home/vinmirandabr/data/Vivian/miniconda/envs/cocoa/bin/x86_64-conda-linux-gnu-gfortran -c -g  conftest.f >&5
configure:3194: $? = 0
configure:3202: result: yes
configure:3234: checking for x86_64-conda-linux-gnu-ranlib
configure:3261: result: /gpfs/home/vinmirandabr/data/Vivian/miniconda/envs/cocoa/bin/x86_64-conda-linux-gnu-ranlib
configure:3366: checking for a BSD-compatible install
configure:3434: result: /usr/bin/install -c
configure:3461: checking for an ANSI C-conforming const
configure:3527: /gpfs/home/vinmirandabr/data/Vivian/miniconda/envs/cocoa/bin/x86_64-conda-linux-gnu-cc -c -march=nocona -mtune=haswell -ftree-vectorize -fPIC -fstack-protector-strong -fno-plt -O2 -ffunction-sections -pipe -isystem /gpfs/home/vinmirandabr/data/Vivian/miniconda/envs/cocoa/include -I/gpfs/home/vinmirandabr/data/Vivian/miniconda/envs/cocoa/include -I/gpfs/projects/MirandaGroup/Vivian/2024/cocoa_dev4/Cocoa/.local/lib/python3.8/site-packages/numpy/core/include -DNDEBUG -D_FORTIFY_SOURCE=2 -O2 -isystem /gpfs/home/vinmirandabr/data/Vivian/miniconda/envs/cocoa/include conftest.c >&5
configure:3527: $? = 0
configure:3534: result: yes
configure:3542: checking for inline
configure:3558: /gpfs/home/vinmirandabr/data/Vivian/miniconda/envs/cocoa/bin/x86_64-conda-linux-gnu-cc -c -march=nocona -mtune=haswell -ftree-vectorize -fPIC -fstack-protector-strong -fno-plt -O2 -ffunction-sections -pipe -isystem /gpfs/home/vinmirandabr/data/Vivian/miniconda/envs/cocoa/include -I/gpfs/home/vinmirandabr/data/Vivian/miniconda/envs/cocoa/include -I/gpfs/projects/MirandaGroup/Vivian/2024/cocoa_dev4/Cocoa/.local/lib/python3.8/site-packages/numpy/core/include -DNDEBUG -D_FORTIFY_SOURCE=2 -O2 -isystem /gpfs/home/vinmirandabr/data/Vivian/miniconda/envs/cocoa/include conftest.c >&5
configure:3558: $? = 0
configure:3566: result: inline
configure:3586: checking for long double with more range or precision than double
configure:3622: /gpfs/home/vinmirandabr/data/Vivian/miniconda/envs/cocoa/bin/x86_64-conda-linux-gnu-cc -c -march=nocona -mtune=haswell -ftree-vectorize -fPIC -fstack-protector-strong -fno-plt -O2 -ffunction-sections -pipe -isystem /gpfs/home/vinmirandabr/data/Vivian/miniconda/envs/cocoa/include -I/gpfs/home/vinmirandabr/data/Vivian/miniconda/envs/cocoa/include -I/gpfs/projects/MirandaGroup/Vivian/2024/cocoa_dev4/Cocoa/.local/lib/python3.8/site-packages/numpy/core/include -DNDEBUG -D_FORTIFY_SOURCE=2 -O2 -isystem /gpfs/home/vinmirandabr/data/Vivian/miniconda/envs/cocoa/include conftest.c >&5
configure:3622: $? = 0
configure:3629: result: yes
configure:3650: checking how to run the C preprocessor
configure:3720: result: /gpfs/home/vinmirandabr/data/Vivian/miniconda/envs/cocoa/bin/x86_64-conda-linux-gnu-cpp
configure:3740: /gpfs/home/vinmirandabr/data/Vivian/miniconda/envs/cocoa/bin/x86_64-conda-linux-gnu-cpp -DNDEBUG -D_FORTIFY_SOURCE=2 -O2 -isystem /gpfs/home/vinmirandabr/data/Vivian/miniconda/envs/cocoa/include conftest.c
configure:3740: $? = 0
configure:3754: /gpfs/home/vinmirandabr/data/Vivian/miniconda/envs/cocoa/bin/x86_64-conda-linux-gnu-cpp -DNDEBUG -D_FORTIFY_SOURCE=2 -O2 -isystem /gpfs/home/vinmirandabr/data/Vivian/miniconda/envs/cocoa/include conftest.c
conftest.c:11:10: fatal error: ac_nonexistent.h: No such file or directory
   11 | #include <ac_nonexistent.h>
      |          ^~~~~~~~~~~~~~~~~~
compilation terminated.
configure:3754: $? = 1
configure: failed program was:
| /* confdefs.h */
| #define PACKAGE_NAME "Cuba"
| #define PACKAGE_TARNAME "cuba"
| #define PACKAGE_VERSION "4.2.2"
| #define PACKAGE_STRING "Cuba 4.2.2"
| #define PACKAGE_BUGREPORT "hahn@feynarts.de"
| #define PACKAGE_URL ""
| #define HAVE_LONG_DOUBLE_WIDER 1
| #define HAVE_LONG_DOUBLE 1
| /* end confdefs.h.  */
| #include <ac_nonexistent.h>
configure:3783: checking for grep that handles long lines and -e
configure:3841: result: /usr/bin/grep
configure:3846: checking for egrep
configure:3908: result: /usr/bin/grep -E
configure:3913: checking for ANSI C header files
configure:3933: /gpfs/home/vinmirandabr/data/Vivian/miniconda/envs/cocoa/bin/x86_64-conda-linux-gnu-cc -c -march=nocona -mtune=haswell -ftree-vectorize -fPIC -fstack-protector-strong -fno-plt -O2 -ffunction-sections -pipe -isystem /gpfs/home/vinmirandabr/data/Vivian/miniconda/envs/cocoa/include -I/gpfs/home/vinmirandabr/data/Vivian/miniconda/envs/cocoa/include -I/gpfs/projects/MirandaGroup/Vivian/2024/cocoa_dev4/Cocoa/.local/lib/python3.8/site-packages/numpy/core/include -DNDEBUG -D_FORTIFY_SOURCE=2 -O2 -isystem /gpfs/home/vinmirandabr/data/Vivian/miniconda/envs/cocoa/include conftest.c >&5
configure:3933: $? = 0
configure:4006: /gpfs/home/vinmirandabr/data/Vivian/miniconda/envs/cocoa/bin/x86_64-conda-linux-gnu-cc -o conftest -march=nocona -mtune=haswell -ftree-vectorize -fPIC -fstack-protector-strong -fno-plt -O2 -ffunction-sections -pipe -isystem /gpfs/home/vinmirandabr/data/Vivian/miniconda/envs/cocoa/include -I/gpfs/home/vinmirandabr/data/Vivian/miniconda/envs/cocoa/include -I/gpfs/projects/MirandaGroup/Vivian/2024/cocoa_dev4/Cocoa/.local/lib/python3.8/site-packages/numpy/core/include -DNDEBUG -D_FORTIFY_SOURCE=2 -O2 -isystem /gpfs/home/vinmirandabr/data/Vivian/miniconda/envs/cocoa/include -Wl,-O2 -Wl,--sort-common -Wl,--as-needed -Wl,-z,relro -Wl,-z,now -Wl,--disable-new-dtags -Wl,--gc-sections -Wl,--allow-shlib-undefined -Wl,-rpath,/gpfs/home/vinmirandabr/data/Vivian/miniconda/envs/cocoa/lib -Wl,-rpath-link,/gpfs/home/vinmirandabr/data/Vivian/miniconda/envs/cocoa/lib -L/gpfs/home/vinmirandabr/data/Vivian/miniconda/envs/cocoa/lib -L/gpfs/home/vinmirandabr/data/Vivian/miniconda/envs/cocoa/lib -L/gpfs/projects/MirandaGroup/Vivian/2024/cocoa_dev4/Cocoa/.local/lib -L/gpfs/projects/MirandaGroup/Vivian/2024/cocoa_dev4/Cocoa/external_modules/code/PolyChordLite/lib  -Wl,-rpath-link,/gpfs/projects/MirandaGroup/Vivian/2024/cocoa_dev4/Cocoa/external_modules/code/PolyChordLite/lib conftest.c -lm >&5
configure:4006: $? = 0
configure:4006: ./conftest
configure:4006: $? = 0
configure:4017: result: yes
configure:4030: checking for sys/types.h
configure:4030: /gpfs/home/vinmirandabr/data/Vivian/miniconda/envs/cocoa/bin/x86_64-conda-linux-gnu-cc -c -march=nocona -mtune=haswell -ftree-vectorize -fPIC -fstack-protector-strong -fno-plt -O2 -ffunction-sections -pipe -isystem /gpfs/home/vinmirandabr/data/Vivian/miniconda/envs/cocoa/include -I/gpfs/home/vinmirandabr/data/Vivian/miniconda/envs/cocoa/include -I/gpfs/projects/MirandaGroup/Vivian/2024/cocoa_dev4/Cocoa/.local/lib/python3.8/site-packages/numpy/core/include -DNDEBUG -D_FORTIFY_SOURCE=2 -O2 -isystem /gpfs/home/vinmirandabr/data/Vivian/miniconda/envs/cocoa/include conftest.c >&5
configure:4030: $? = 0
configure:4030: result: yes
configure:4030: checking for sys/stat.h
configure:4030: /gpfs/home/vinmirandabr/data/Vivian/miniconda/envs/cocoa/bin/x86_64-conda-linux-gnu-cc -c -march=nocona -mtune=haswell -ftree-vectorize -fPIC -fstack-protector-strong -fno-plt -O2 -ffunction-sections -pipe -isystem /gpfs/home/vinmirandabr/data/Vivian/miniconda/envs/cocoa/include -I/gpfs/home/vinmirandabr/data/Vivian/miniconda/envs/cocoa/include -I/gpfs/projects/MirandaGroup/Vivian/2024/cocoa_dev4/Cocoa/.local/lib/python3.8/site-packages/numpy/core/include -DNDEBUG -D_FORTIFY_SOURCE=2 -O2 -isystem /gpfs/home/vinmirandabr/data/Vivian/miniconda/envs/cocoa/include conftest.c >&5
configure:4030: $? = 0
configure:4030: result: yes
configure:4030: checking for stdlib.h
configure:4030: /gpfs/home/vinmirandabr/data/Vivian/miniconda/envs/cocoa/bin/x86_64-conda-linux-gnu-cc -c -march=nocona -mtune=haswell -ftree-vectorize -fPIC -fstack-protector-strong -fno-plt -O2 -ffunction-sections -pipe -isystem /gpfs/home/vinmirandabr/data/Vivian/miniconda/envs/cocoa/include -I/gpfs/home/vinmirandabr/data/Vivian/miniconda/envs/cocoa/include -I/gpfs/projects/MirandaGroup/Vivian/2024/cocoa_dev4/Cocoa/.local/lib/python3.8/site-packages/numpy/core/include -DNDEBUG -D_FORTIFY_SOURCE=2 -O2 -isystem /gpfs/home/vinmirandabr/data/Vivian/miniconda/envs/cocoa/include conftest.c >&5
configure:4030: $? = 0
configure:4030: result: yes
configure:4030: checking for string.h
configure:4030: /gpfs/home/vinmirandabr/data/Vivian/miniconda/envs/cocoa/bin/x86_64-conda-linux-gnu-cc -c -march=nocona -mtune=haswell -ftree-vectorize -fPIC -fstack-protector-strong -fno-plt -O2 -ffunction-sections -pipe -isystem /gpfs/home/vinmirandabr/data/Vivian/miniconda/envs/cocoa/include -I/gpfs/home/vinmirandabr/data/Vivian/miniconda/envs/cocoa/include -I/gpfs/projects/MirandaGroup/Vivian/2024/cocoa_dev4/Cocoa/.local/lib/python3.8/site-packages/numpy/core/include -DNDEBUG -D_FORTIFY_SOURCE=2 -O2 -isystem /gpfs/home/vinmirandabr/data/Vivian/miniconda/envs/cocoa/include conftest.c >&5
configure:4030: $? = 0
configure:4030: result: yes
configure:4030: checking for memory.h
configure:4030: /gpfs/home/vinmirandabr/data/Vivian/miniconda/envs/cocoa/bin/x86_64-conda-linux-gnu-cc -c -march=nocona -mtune=haswell -ftree-vectorize -fPIC -fstack-protector-strong -fno-plt -O2 -ffunction-sections -pipe -isystem /gpfs/home/vinmirandabr/data/Vivian/miniconda/envs/cocoa/include -I/gpfs/home/vinmirandabr/data/Vivian/miniconda/envs/cocoa/include -I/gpfs/projects/MirandaGroup/Vivian/2024/cocoa_dev4/Cocoa/.local/lib/python3.8/site-packages/numpy/core/include -DNDEBUG -D_FORTIFY_SOURCE=2 -O2 -isystem /gpfs/home/vinmirandabr/data/Vivian/miniconda/envs/cocoa/include conftest.c >&5
configure:4030: $? = 0
configure:4030: result: yes
configure:4030: checking for strings.h
configure:4030: /gpfs/home/vinmirandabr/data/Vivian/miniconda/envs/cocoa/bin/x86_64-conda-linux-gnu-cc -c -march=nocona -mtune=haswell -ftree-vectorize -fPIC -fstack-protector-strong -fno-plt -O2 -ffunction-sections -pipe -isystem /gpfs/home/vinmirandabr/data/Vivian/miniconda/envs/cocoa/include -I/gpfs/home/vinmirandabr/data/Vivian/miniconda/envs/cocoa/include -I/gpfs/projects/MirandaGroup/Vivian/2024/cocoa_dev4/Cocoa/.local/lib/python3.8/site-packages/numpy/core/include -DNDEBUG -D_FORTIFY_SOURCE=2 -O2 -isystem /gpfs/home/vinmirandabr/data/Vivian/miniconda/envs/cocoa/include conftest.c >&5
configure:4030: $? = 0
configure:4030: result: yes
configure:4030: checking for inttypes.h
configure:4030: /gpfs/home/vinmirandabr/data/Vivian/miniconda/envs/cocoa/bin/x86_64-conda-linux-gnu-cc -c -march=nocona -mtune=haswell -ftree-vectorize -fPIC -fstack-protector-strong -fno-plt -O2 -ffunction-sections -pipe -isystem /gpfs/home/vinmirandabr/data/Vivian/miniconda/envs/cocoa/include -I/gpfs/home/vinmirandabr/data/Vivian/miniconda/envs/cocoa/include -I/gpfs/projects/MirandaGroup/Vivian/2024/cocoa_dev4/Cocoa/.local/lib/python3.8/site-packages/numpy/core/include -DNDEBUG -D_FORTIFY_SOURCE=2 -O2 -isystem /gpfs/home/vinmirandabr/data/Vivian/miniconda/envs/cocoa/include conftest.c >&5
configure:4030: $? = 0
configure:4030: result: yes
configure:4030: checking for stdint.h
configure:4030: /gpfs/home/vinmirandabr/data/Vivian/miniconda/envs/cocoa/bin/x86_64-conda-linux-gnu-cc -c -march=nocona -mtune=haswell -ftree-vectorize -fPIC -fstack-protector-strong -fno-plt -O2 -ffunction-sections -pipe -isystem /gpfs/home/vinmirandabr/data/Vivian/miniconda/envs/cocoa/include -I/gpfs/home/vinmirandabr/data/Vivian/miniconda/envs/cocoa/include -I/gpfs/projects/MirandaGroup/Vivian/2024/cocoa_dev4/Cocoa/.local/lib/python3.8/site-packages/numpy/core/include -DNDEBUG -D_FORTIFY_SOURCE=2 -O2 -isystem /gpfs/home/vinmirandabr/data/Vivian/miniconda/envs/cocoa/include conftest.c >&5
configure:4030: $? = 0
configure:4030: result: yes
configure:4030: checking for unistd.h
configure:4030: /gpfs/home/vinmirandabr/data/Vivian/miniconda/envs/cocoa/bin/x86_64-conda-linux-gnu-cc -c -march=nocona -mtune=haswell -ftree-vectorize -fPIC -fstack-protector-strong -fno-plt -O2 -ffunction-sections -pipe -isystem /gpfs/home/vinmirandabr/data/Vivian/miniconda/envs/cocoa/include -I/gpfs/home/vinmirandabr/data/Vivian/miniconda/envs/cocoa/include -I/gpfs/projects/MirandaGroup/Vivian/2024/cocoa_dev4/Cocoa/.local/lib/python3.8/site-packages/numpy/core/include -DNDEBUG -D_FORTIFY_SOURCE=2 -O2 -isystem /gpfs/home/vinmirandabr/data/Vivian/miniconda/envs/cocoa/include conftest.c >&5
configure:4030: $? = 0
configure:4030: result: yes
configure:4042: checking for size_t
configure:4042: /gpfs/home/vinmirandabr/data/Vivian/miniconda/envs/cocoa/bin/x86_64-conda-linux-gnu-cc -c -march=nocona -mtune=haswell -ftree-vectorize -fPIC -fstack-protector-strong -fno-plt -O2 -ffunction-sections -pipe -isystem /gpfs/home/vinmirandabr/data/Vivian/miniconda/envs/cocoa/include -I/gpfs/home/vinmirandabr/data/Vivian/miniconda/envs/cocoa/include -I/gpfs/projects/MirandaGroup/Vivian/2024/cocoa_dev4/Cocoa/.local/lib/python3.8/site-packages/numpy/core/include -DNDEBUG -D_FORTIFY_SOURCE=2 -O2 -isystem /gpfs/home/vinmirandabr/data/Vivian/miniconda/envs/cocoa/include conftest.c >&5
configure:4042: $? = 0
configure:4042: /gpfs/home/vinmirandabr/data/Vivian/miniconda/envs/cocoa/bin/x86_64-conda-linux-gnu-cc -c -march=nocona -mtune=haswell -ftree-vectorize -fPIC -fstack-protector-strong -fno-plt -O2 -ffunction-sections -pipe -isystem /gpfs/home/vinmirandabr/data/Vivian/miniconda/envs/cocoa/include -I/gpfs/home/vinmirandabr/data/Vivian/miniconda/envs/cocoa/include -I/gpfs/projects/MirandaGroup/Vivian/2024/cocoa_dev4/Cocoa/.local/lib/python3.8/site-packages/numpy/core/include -DNDEBUG -D_FORTIFY_SOURCE=2 -O2 -isystem /gpfs/home/vinmirandabr/data/Vivian/miniconda/envs/cocoa/include conftest.c >&5
conftest.c: In function 'main':
conftest.c:57:21: error: expected expression before ')' token
   57 | if (sizeof ((size_t)))
      |                     ^
configure:4042: $? = 1
configure: failed program was:
| /* confdefs.h */
| #define PACKAGE_NAME "Cuba"
| #define PACKAGE_TARNAME "cuba"
| #define PACKAGE_VERSION "4.2.2"
| #define PACKAGE_STRING "Cuba 4.2.2"
| #define PACKAGE_BUGREPORT "hahn@feynarts.de"
| #define PACKAGE_URL ""
| #define HAVE_LONG_DOUBLE_WIDER 1
| #define HAVE_LONG_DOUBLE 1
| #define STDC_HEADERS 1
| #define HAVE_SYS_TYPES_H 1
| #define HAVE_SYS_STAT_H 1
| #define HAVE_STDLIB_H 1
| #define HAVE_STRING_H 1
| #define HAVE_MEMORY_H 1
| #define HAVE_STRINGS_H 1
| #define HAVE_INTTYPES_H 1
| #define HAVE_STDINT_H 1
| #define HAVE_UNISTD_H 1
| /* end confdefs.h.  */
| #include <stdio.h>
| #ifdef HAVE_SYS_TYPES_H
| # include <sys/types.h>
| #endif
| #ifdef HAVE_SYS_STAT_H
| # include <sys/stat.h>
| #endif
| #ifdef STDC_HEADERS
| # include <stdlib.h>
| # include <stddef.h>
| #else
| # ifdef HAVE_STDLIB_H
| #  include <stdlib.h>
| # endif
| #endif
| #ifdef HAVE_STRING_H
| # if !defined STDC_HEADERS && defined HAVE_MEMORY_H
| #  include <memory.h>
| # endif
| # include <string.h>
| #endif
| #ifdef HAVE_STRINGS_H
| # include <strings.h>
| #endif
| #ifdef HAVE_INTTYPES_H
| # include <inttypes.h>
| #endif
| #ifdef HAVE_STDINT_H
| # include <stdint.h>
| #endif
| #ifdef HAVE_UNISTD_H
| # include <unistd.h>
| #endif
| int
| main ()
| {
| if (sizeof ((size_t)))
| 	    return 0;
|   ;
|   return 0;
| }
configure:4042: result: yes
configure:4053: checking for ssize_t
configure:4053: /gpfs/home/vinmirandabr/data/Vivian/miniconda/envs/cocoa/bin/x86_64-conda-linux-gnu-cc -c -march=nocona -mtune=haswell -ftree-vectorize -fPIC -fstack-protector-strong -fno-plt -O2 -ffunction-sections -pipe -isystem /gpfs/home/vinmirandabr/data/Vivian/miniconda/envs/cocoa/include -I/gpfs/home/vinmirandabr/data/Vivian/miniconda/envs/cocoa/include -I/gpfs/projects/MirandaGroup/Vivian/2024/cocoa_dev4/Cocoa/.local/lib/python3.8/site-packages/numpy/core/include -DNDEBUG -D_FORTIFY_SOURCE=2 -O2 -isystem /gpfs/home/vinmirandabr/data/Vivian/miniconda/envs/cocoa/include conftest.c >&5
configure:4053: $? = 0
configure:4053: /gpfs/home/vinmirandabr/data/Vivian/miniconda/envs/cocoa/bin/x86_64-conda-linux-gnu-cc -c -march=nocona -mtune=haswell -ftree-vectorize -fPIC -fstack-protector-strong -fno-plt -O2 -ffunction-sections -pipe -isystem /gpfs/home/vinmirandabr/data/Vivian/miniconda/envs/cocoa/include -I/gpfs/home/vinmirandabr/data/Vivian/miniconda/envs/cocoa/include -I/gpfs/projects/MirandaGroup/Vivian/2024/cocoa_dev4/Cocoa/.local/lib/python3.8/site-packages/numpy/core/include -DNDEBUG -D_FORTIFY_SOURCE=2 -O2 -isystem /gpfs/home/vinmirandabr/data/Vivian/miniconda/envs/cocoa/include conftest.c >&5
conftest.c: In function 'main':
conftest.c:57:22: error: expected expression before ')' token
   57 | if (sizeof ((ssize_t)))
      |                      ^
configure:4053: $? = 1
configure: failed program was:
| /* confdefs.h */
| #define PACKAGE_NAME "Cuba"
| #define PACKAGE_TARNAME "cuba"
| #define PACKAGE_VERSION "4.2.2"
| #define PACKAGE_STRING "Cuba 4.2.2"
| #define PACKAGE_BUGREPORT "hahn@feynarts.de"
| #define PACKAGE_URL ""
| #define HAVE_LONG_DOUBLE_WIDER 1
| #define HAVE_LONG_DOUBLE 1
| #define STDC_HEADERS 1
| #define HAVE_SYS_TYPES_H 1
| #define HAVE_SYS_STAT_H 1
| #define HAVE_STDLIB_H 1
| #define HAVE_STRING_H 1
| #define HAVE_MEMORY_H 1
| #define HAVE_STRINGS_H 1
| #define HAVE_INTTYPES_H 1
| #define HAVE_STDINT_H 1
| #define HAVE_UNISTD_H 1
| /* end confdefs.h.  */
| #include <stdio.h>
| #ifdef HAVE_SYS_TYPES_H
| # include <sys/types.h>
| #endif
| #ifdef HAVE_SYS_STAT_H
| # include <sys/stat.h>
| #endif
| #ifdef STDC_HEADERS
| # include <stdlib.h>
| # include <stddef.h>
| #else
| # ifdef HAVE_STDLIB_H
| #  include <stdlib.h>
| # endif
| #endif
| #ifdef HAVE_STRING_H
| # if !defined STDC_HEADERS && defined HAVE_MEMORY_H
| #  include <memory.h>
| # endif
| # include <string.h>
| #endif
| #ifdef HAVE_STRINGS_H
| # include <strings.h>
| #endif
| #ifdef HAVE_INTTYPES_H
| # include <inttypes.h>
| #endif
| #ifdef HAVE_STDINT_H
| # include <stdint.h>
| #endif
| #ifdef HAVE_UNISTD_H
| # include <unistd.h>
| #endif
| int
| main ()
| {
| if (sizeof ((ssize_t)))
| 	    return 0;
|   ;
|   return 0;
| }
configure:4053: result: yes
configure:4064: checking for pid_t
configure:4064: /gpfs/home/vinmirandabr/data/Vivian/miniconda/envs/cocoa/bin/x86_64-conda-linux-gnu-cc -c -march=nocona -mtune=haswell -ftree-vectorize -fPIC -fstack-protector-strong -fno-plt -O2 -ffunction-sections -pipe -isystem /gpfs/home/vinmirandabr/data/Vivian/miniconda/envs/cocoa/include -I/gpfs/home/vinmirandabr/data/Vivian/miniconda/envs/cocoa/include -I/gpfs/projects/MirandaGroup/Vivian/2024/cocoa_dev4/Cocoa/.local/lib/python3.8/site-packages/numpy/core/include -DNDEBUG -D_FORTIFY_SOURCE=2 -O2 -isystem /gpfs/home/vinmirandabr/data/Vivian/miniconda/envs/cocoa/include conftest.c >&5
configure:4064: $? = 0
configure:4064: /gpfs/home/vinmirandabr/data/Vivian/miniconda/envs/cocoa/bin/x86_64-conda-linux-gnu-cc -c -march=nocona -mtune=haswell -ftree-vectorize -fPIC -fstack-protector-strong -fno-plt -O2 -ffunction-sections -pipe -isystem /gpfs/home/vinmirandabr/data/Vivian/miniconda/envs/cocoa/include -I/gpfs/home/vinmirandabr/data/Vivian/miniconda/envs/cocoa/include -I/gpfs/projects/MirandaGroup/Vivian/2024/cocoa_dev4/Cocoa/.local/lib/python3.8/site-packages/numpy/core/include -DNDEBUG -D_FORTIFY_SOURCE=2 -O2 -isystem /gpfs/home/vinmirandabr/data/Vivian/miniconda/envs/cocoa/include conftest.c >&5
conftest.c: In function 'main':
conftest.c:57:20: error: expected expression before ')' token
   57 | if (sizeof ((pid_t)))
      |                    ^
configure:4064: $? = 1
configure: failed program was:
| /* confdefs.h */
| #define PACKAGE_NAME "Cuba"
| #define PACKAGE_TARNAME "cuba"
| #define PACKAGE_VERSION "4.2.2"
| #define PACKAGE_STRING "Cuba 4.2.2"
| #define PACKAGE_BUGREPORT "hahn@feynarts.de"
| #define PACKAGE_URL ""
| #define HAVE_LONG_DOUBLE_WIDER 1
| #define HAVE_LONG_DOUBLE 1
| #define STDC_HEADERS 1
| #define HAVE_SYS_TYPES_H 1
| #define HAVE_SYS_STAT_H 1
| #define HAVE_STDLIB_H 1
| #define HAVE_STRING_H 1
| #define HAVE_MEMORY_H 1
| #define HAVE_STRINGS_H 1
| #define HAVE_INTTYPES_H 1
| #define HAVE_STDINT_H 1
| #define HAVE_UNISTD_H 1
| /* end confdefs.h.  */
| #include <stdio.h>
| #ifdef HAVE_SYS_TYPES_H
| # include <sys/types.h>
| #endif
| #ifdef HAVE_SYS_STAT_H
| # include <sys/stat.h>
| #endif
| #ifdef STDC_HEADERS
| # include <stdlib.h>
| # include <stddef.h>
| #else
| # ifdef HAVE_STDLIB_H
| #  include <stdlib.h>
| # endif
| #endif
| #ifdef HAVE_STRING_H
| # if !defined STDC_HEADERS && defined HAVE_MEMORY_H
| #  include <memory.h>
| # endif
| # include <string.h>
| #endif
| #ifdef HAVE_STRINGS_H
| # include <strings.h>
| #endif
| #ifdef HAVE_INTTYPES_H
| # include <inttypes.h>
| #endif
| #ifdef HAVE_STDINT_H
| # include <stdint.h>
| #endif
| #ifdef HAVE_UNISTD_H
| # include <unistd.h>
| #endif
| int
| main ()
| {
| if (sizeof ((pid_t)))
| 	    return 0;
|   ;
|   return 0;
| }
configure:4064: result: yes
configure:4078: checking for powl
configure:4078: /gpfs/home/vinmirandabr/data/Vivian/miniconda/envs/cocoa/bin/x86_64-conda-linux-gnu-cc -o conftest -march=nocona -mtune=haswell -ftree-vectorize -fPIC -fstack-protector-strong -fno-plt -O2 -ffunction-sections -pipe -isystem /gpfs/home/vinmirandabr/data/Vivian/miniconda/envs/cocoa/include -I/gpfs/home/vinmirandabr/data/Vivian/miniconda/envs/cocoa/include -I/gpfs/projects/MirandaGroup/Vivian/2024/cocoa_dev4/Cocoa/.local/lib/python3.8/site-packages/numpy/core/include -DNDEBUG -D_FORTIFY_SOURCE=2 -O2 -isystem /gpfs/home/vinmirandabr/data/Vivian/miniconda/envs/cocoa/include -Wl,-O2 -Wl,--sort-common -Wl,--as-needed -Wl,-z,relro -Wl,-z,now -Wl,--disable-new-dtags -Wl,--gc-sections -Wl,--allow-shlib-undefined -Wl,-rpath,/gpfs/home/vinmirandabr/data/Vivian/miniconda/envs/cocoa/lib -Wl,-rpath-link,/gpfs/home/vinmirandabr/data/Vivian/miniconda/envs/cocoa/lib -L/gpfs/home/vinmirandabr/data/Vivian/miniconda/envs/cocoa/lib -L/gpfs/home/vinmirandabr/data/Vivian/miniconda/envs/cocoa/lib -L/gpfs/projects/MirandaGroup/Vivian/2024/cocoa_dev4/Cocoa/.local/lib -L/gpfs/projects/MirandaGroup/Vivian/2024/cocoa_dev4/Cocoa/external_modules/code/PolyChordLite/lib  -Wl,-rpath-link,/gpfs/projects/MirandaGroup/Vivian/2024/cocoa_dev4/Cocoa/external_modules/code/PolyChordLite/lib conftest.c -lm >&5
conftest.c:44:6: warning: conflicting types for built-in function 'powl'; expected 'long double(long double,  long double)' [-Wbuiltin-declaration-mismatch]
   44 | char powl ();
      |      ^~~~
conftest.c:32:1: note: 'powl' is declared in header '<math.h>'
   31 | # include <limits.h>
   32 | #else
configure:4078: $? = 0
configure:4078: result: yes
configure:4089: checking for erf
configure:4089: /gpfs/home/vinmirandabr/data/Vivian/miniconda/envs/cocoa/bin/x86_64-conda-linux-gnu-cc -o conftest -march=nocona -mtune=haswell -ftree-vectorize -fPIC -fstack-protector-strong -fno-plt -O2 -ffunction-sections -pipe -isystem /gpfs/home/vinmirandabr/data/Vivian/miniconda/envs/cocoa/include -I/gpfs/home/vinmirandabr/data/Vivian/miniconda/envs/cocoa/include -I/gpfs/projects/MirandaGroup/Vivian/2024/cocoa_dev4/Cocoa/.local/lib/python3.8/site-packages/numpy/core/include -DNDEBUG -D_FORTIFY_SOURCE=2 -O2 -isystem /gpfs/home/vinmirandabr/data/Vivian/miniconda/envs/cocoa/include -Wl,-O2 -Wl,--sort-common -Wl,--as-needed -Wl,-z,relro -Wl,-z,now -Wl,--disable-new-dtags -Wl,--gc-sections -Wl,--allow-shlib-undefined -Wl,-rpath,/gpfs/home/vinmirandabr/data/Vivian/miniconda/envs/cocoa/lib -Wl,-rpath-link,/gpfs/home/vinmirandabr/data/Vivian/miniconda/envs/cocoa/lib -L/gpfs/home/vinmirandabr/data/Vivian/miniconda/envs/cocoa/lib -L/gpfs/home/vinmirandabr/data/Vivian/miniconda/envs/cocoa/lib -L/gpfs/projects/MirandaGroup/Vivian/2024/cocoa_dev4/Cocoa/.local/lib -L/gpfs/projects/MirandaGroup/Vivian/2024/cocoa_dev4/Cocoa/external_modules/code/PolyChordLite/lib  -Wl,-rpath-link,/gpfs/projects/MirandaGroup/Vivian/2024/cocoa_dev4/Cocoa/external_modules/code/PolyChordLite/lib conftest.c -lm >&5
conftest.c:45:6: warning: conflicting types for built-in function 'erf'; expected 'double(double)' [-Wbuiltin-declaration-mismatch]
   45 | char erf ();
      |      ^~~
conftest.c:33:1: note: 'erf' is declared in header '<math.h>'
   32 | # include <limits.h>
   33 | #else
configure:4089: $? = 0
configure:4089: result: yes
configure:4100: checking vfork.h usability
configure:4100: /gpfs/home/vinmirandabr/data/Vivian/miniconda/envs/cocoa/bin/x86_64-conda-linux-gnu-cc -c -march=nocona -mtune=haswell -ftree-vectorize -fPIC -fstack-protector-strong -fno-plt -O2 -ffunction-sections -pipe -isystem /gpfs/home/vinmirandabr/data/Vivian/miniconda/envs/cocoa/include -I/gpfs/home/vinmirandabr/data/Vivian/miniconda/envs/cocoa/include -I/gpfs/projects/MirandaGroup/Vivian/2024/cocoa_dev4/Cocoa/.local/lib/python3.8/site-packages/numpy/core/include -DNDEBUG -D_FORTIFY_SOURCE=2 -O2 -isystem /gpfs/home/vinmirandabr/data/Vivian/miniconda/envs/cocoa/include conftest.c >&5
conftest.c:56:10: fatal error: vfork.h: No such file or directory
   56 | #include <vfork.h>
      |          ^~~~~~~~~
compilation terminated.
configure:4100: $? = 1
configure: failed program was:
| /* confdefs.h */
| #define PACKAGE_NAME "Cuba"
| #define PACKAGE_TARNAME "cuba"
| #define PACKAGE_VERSION "4.2.2"
| #define PACKAGE_STRING "Cuba 4.2.2"
| #define PACKAGE_BUGREPORT "hahn@feynarts.de"
| #define PACKAGE_URL ""
| #define HAVE_LONG_DOUBLE_WIDER 1
| #define HAVE_LONG_DOUBLE 1
| #define STDC_HEADERS 1
| #define HAVE_SYS_TYPES_H 1
| #define HAVE_SYS_STAT_H 1
| #define HAVE_STDLIB_H 1
| #define HAVE_STRING_H 1
| #define HAVE_MEMORY_H 1
| #define HAVE_STRINGS_H 1
| #define HAVE_INTTYPES_H 1
| #define HAVE_STDINT_H 1
| #define HAVE_UNISTD_H 1
| #define HAVE_POWL 1
| #define HAVE_ERF 1
| /* end confdefs.h.  */
| #include <stdio.h>
| #ifdef HAVE_SYS_TYPES_H
| # include <sys/types.h>
| #endif
| #ifdef HAVE_SYS_STAT_H
| # include <sys/stat.h>
| #endif
| #ifdef STDC_HEADERS
| # include <stdlib.h>
| # include <stddef.h>
| #else
| # ifdef HAVE_STDLIB_H
| #  include <stdlib.h>
| # endif
| #endif
| #ifdef HAVE_STRING_H
| # if !defined STDC_HEADERS && defined HAVE_MEMORY_H
| #  include <memory.h>
| # endif
| # include <string.h>
| #endif
| #ifdef HAVE_STRINGS_H
| # include <strings.h>
| #endif
| #ifdef HAVE_INTTYPES_H
| # include <inttypes.h>
| #endif
| #ifdef HAVE_STDINT_H
| # include <stdint.h>
| #endif
| #ifdef HAVE_UNISTD_H
| # include <unistd.h>
| #endif
| #include <vfork.h>
configure:4100: result: no
configure:4100: checking vfork.h presence
configure:4100: /gpfs/home/vinmirandabr/data/Vivian/miniconda/envs/cocoa/bin/x86_64-conda-linux-gnu-cpp -DNDEBUG -D_FORTIFY_SOURCE=2 -O2 -isystem /gpfs/home/vinmirandabr/data/Vivian/miniconda/envs/cocoa/include conftest.c
conftest.c:23:10: fatal error: vfork.h: No such file or directory
   23 | #include <vfork.h>
      |          ^~~~~~~~~
compilation terminated.
configure:4100: $? = 1
configure: failed program was:
| /* confdefs.h */
| #define PACKAGE_NAME "Cuba"
| #define PACKAGE_TARNAME "cuba"
| #define PACKAGE_VERSION "4.2.2"
| #define PACKAGE_STRING "Cuba 4.2.2"
| #define PACKAGE_BUGREPORT "hahn@feynarts.de"
| #define PACKAGE_URL ""
| #define HAVE_LONG_DOUBLE_WIDER 1
| #define HAVE_LONG_DOUBLE 1
| #define STDC_HEADERS 1
| #define HAVE_SYS_TYPES_H 1
| #define HAVE_SYS_STAT_H 1
| #define HAVE_STDLIB_H 1
| #define HAVE_STRING_H 1
| #define HAVE_MEMORY_H 1
| #define HAVE_STRINGS_H 1
| #define HAVE_INTTYPES_H 1
| #define HAVE_STDINT_H 1
| #define HAVE_UNISTD_H 1
| #define HAVE_POWL 1
| #define HAVE_ERF 1
| /* end confdefs.h.  */
| #include <vfork.h>
configure:4100: result: no
configure:4100: checking for vfork.h
configure:4100: result: no
configure:4113: checking for fork
configure:4113: /gpfs/home/vinmirandabr/data/Vivian/miniconda/envs/cocoa/bin/x86_64-conda-linux-gnu-cc -o conftest -march=nocona -mtune=haswell -ftree-vectorize -fPIC -fstack-protector-strong -fno-plt -O2 -ffunction-sections -pipe -isystem /gpfs/home/vinmirandabr/data/Vivian/miniconda/envs/cocoa/include -I/gpfs/home/vinmirandabr/data/Vivian/miniconda/envs/cocoa/include -I/gpfs/projects/MirandaGroup/Vivian/2024/cocoa_dev4/Cocoa/.local/lib/python3.8/site-packages/numpy/core/include -DNDEBUG -D_FORTIFY_SOURCE=2 -O2 -isystem /gpfs/home/vinmirandabr/data/Vivian/miniconda/envs/cocoa/include -Wl,-O2 -Wl,--sort-common -Wl,--as-needed -Wl,-z,relro -Wl,-z,now -Wl,--disable-new-dtags -Wl,--gc-sections -Wl,--allow-shlib-undefined -Wl,-rpath,/gpfs/home/vinmirandabr/data/Vivian/miniconda/envs/cocoa/lib -Wl,-rpath-link,/gpfs/home/vinmirandabr/data/Vivian/miniconda/envs/cocoa/lib -L/gpfs/home/vinmirandabr/data/Vivian/miniconda/envs/cocoa/lib -L/gpfs/home/vinmirandabr/data/Vivian/miniconda/envs/cocoa/lib -L/gpfs/projects/MirandaGroup/Vivian/2024/cocoa_dev4/Cocoa/.local/lib -L/gpfs/projects/MirandaGroup/Vivian/2024/cocoa_dev4/Cocoa/external_modules/code/PolyChordLite/lib  -Wl,-rpath-link,/gpfs/projects/MirandaGroup/Vivian/2024/cocoa_dev4/Cocoa/external_modules/code/PolyChordLite/lib conftest.c -lm >&5
conftest.c:46:6: warning: conflicting types for built-in function 'fork'; expected 'int(void)' [-Wbuiltin-declaration-mismatch]
   46 | char fork ();
      |      ^~~~
configure:4113: $? = 0
configure:4113: result: yes
configure:4113: checking for vfork
configure:4113: /gpfs/home/vinmirandabr/data/Vivian/miniconda/envs/cocoa/bin/x86_64-conda-linux-gnu-cc -o conftest -march=nocona -mtune=haswell -ftree-vectorize -fPIC -fstack-protector-strong -fno-plt -O2 -ffunction-sections -pipe -isystem /gpfs/home/vinmirandabr/data/Vivian/miniconda/envs/cocoa/include -I/gpfs/home/vinmirandabr/data/Vivian/miniconda/envs/cocoa/include -I/gpfs/projects/MirandaGroup/Vivian/2024/cocoa_dev4/Cocoa/.local/lib/python3.8/site-packages/numpy/core/include -DNDEBUG -D_FORTIFY_SOURCE=2 -O2 -isystem /gpfs/home/vinmirandabr/data/Vivian/miniconda/envs/cocoa/include -Wl,-O2 -Wl,--sort-common -Wl,--as-needed -Wl,-z,relro -Wl,-z,now -Wl,--disable-new-dtags -Wl,--gc-sections -Wl,--allow-shlib-undefined -Wl,-rpath,/gpfs/home/vinmirandabr/data/Vivian/miniconda/envs/cocoa/lib -Wl,-rpath-link,/gpfs/home/vinmirandabr/data/Vivian/miniconda/envs/cocoa/lib -L/gpfs/home/vinmirandabr/data/Vivian/miniconda/envs/cocoa/lib -L/gpfs/home/vinmirandabr/data/Vivian/miniconda/envs/cocoa/lib -L/gpfs/projects/MirandaGroup/Vivian/2024/cocoa_dev4/Cocoa/.local/lib -L/gpfs/projects/MirandaGroup/Vivian/2024/cocoa_dev4/Cocoa/external_modules/code/PolyChordLite/lib  -Wl,-rpath-link,/gpfs/projects/MirandaGroup/Vivian/2024/cocoa_dev4/Cocoa/external_modules/code/PolyChordLite/lib conftest.c -lm >&5
configure:4113: $? = 0
configure:4113: result: yes
configure:4123: checking for working fork
configure:4145: /gpfs/home/vinmirandabr/data/Vivian/miniconda/envs/cocoa/bin/x86_64-conda-linux-gnu-cc -o conftest -march=nocona -mtune=haswell -ftree-vectorize -fPIC -fstack-protector-strong -fno-plt -O2 -ffunction-sections -pipe -isystem /gpfs/home/vinmirandabr/data/Vivian/miniconda/envs/cocoa/include -I/gpfs/home/vinmirandabr/data/Vivian/miniconda/envs/cocoa/include -I/gpfs/projects/MirandaGroup/Vivian/2024/cocoa_dev4/Cocoa/.local/lib/python3.8/site-packages/numpy/core/include -DNDEBUG -D_FORTIFY_SOURCE=2 -O2 -isystem /gpfs/home/vinmirandabr/data/Vivian/miniconda/envs/cocoa/include -Wl,-O2 -Wl,--sort-common -Wl,--as-needed -Wl,-z,relro -Wl,-z,now -Wl,--disable-new-dtags -Wl,--gc-sections -Wl,--allow-shlib-undefined -Wl,-rpath,/gpfs/home/vinmirandabr/data/Vivian/miniconda/envs/cocoa/lib -Wl,-rpath-link,/gpfs/home/vinmirandabr/data/Vivian/miniconda/envs/cocoa/lib -L/gpfs/home/vinmirandabr/data/Vivian/miniconda/envs/cocoa/lib -L/gpfs/home/vinmirandabr/data/Vivian/miniconda/envs/cocoa/lib -L/gpfs/projects/MirandaGroup/Vivian/2024/cocoa_dev4/Cocoa/.local/lib -L/gpfs/projects/MirandaGroup/Vivian/2024/cocoa_dev4/Cocoa/external_modules/code/PolyChordLite/lib  -Wl,-rpath-link,/gpfs/projects/MirandaGroup/Vivian/2024/cocoa_dev4/Cocoa/external_modules/code/PolyChordLite/lib conftest.c -lm >&5
configure:4145: $? = 0
configure:4145: ./conftest
configure:4145: $? = 0
configure:4155: result: yes
configure:4176: checking for working vfork
configure:4286: result: yes
configure:4313: checking for working alloca.h
configure:4330: /gpfs/home/vinmirandabr/data/Vivian/miniconda/envs/cocoa/bin/x86_64-conda-linux-gnu-cc -o conftest -march=nocona -mtune=haswell -ftree-vectorize -fPIC -fstack-protector-strong -fno-plt -O2 -ffunction-sections -pipe -isystem /gpfs/home/vinmirandabr/data/Vivian/miniconda/envs/cocoa/include -I/gpfs/home/vinmirandabr/data/Vivian/miniconda/envs/cocoa/include -I/gpfs/projects/MirandaGroup/Vivian/2024/cocoa_dev4/Cocoa/.local/lib/python3.8/site-packages/numpy/core/include -DNDEBUG -D_FORTIFY_SOURCE=2 -O2 -isystem /gpfs/home/vinmirandabr/data/Vivian/miniconda/envs/cocoa/include -Wl,-O2 -Wl,--sort-common -Wl,--as-needed -Wl,-z,relro -Wl,-z,now -Wl,--disable-new-dtags -Wl,--gc-sections -Wl,--allow-shlib-undefined -Wl,-rpath,/gpfs/home/vinmirandabr/data/Vivian/miniconda/envs/cocoa/lib -Wl,-rpath-link,/gpfs/home/vinmirandabr/data/Vivian/miniconda/envs/cocoa/lib -L/gpfs/home/vinmirandabr/data/Vivian/miniconda/envs/cocoa/lib -L/gpfs/home/vinmirandabr/data/Vivian/miniconda/envs/cocoa/lib -L/gpfs/projects/MirandaGroup/Vivian/2024/cocoa_dev4/Cocoa/.local/lib -L/gpfs/projects/MirandaGroup/Vivian/2024/cocoa_dev4/Cocoa/external_modules/code/PolyChordLite/lib  -Wl,-rpath-link,/gpfs/projects/MirandaGroup/Vivian/2024/cocoa_dev4/Cocoa/external_modules/code/PolyChordLite/lib conftest.c -lm >&5
configure:4330: $? = 0
configure:4338: result: yes
configure:4346: checking for alloca
configure:4383: /gpfs/home/vinmirandabr/data/Vivian/miniconda/envs/cocoa/bin/x86_64-conda-linux-gnu-cc -o conftest -march=nocona -mtune=haswell -ftree-vectorize -fPIC -fstack-protector-strong -fno-plt -O2 -ffunction-sections -pipe -isystem /gpfs/home/vinmirandabr/data/Vivian/miniconda/envs/cocoa/include -I/gpfs/home/vinmirandabr/data/Vivian/miniconda/envs/cocoa/include -I/gpfs/projects/MirandaGroup/Vivian/2024/cocoa_dev4/Cocoa/.local/lib/python3.8/site-packages/numpy/core/include -DNDEBUG -D_FORTIFY_SOURCE=2 -O2 -isystem /gpfs/home/vinmirandabr/data/Vivian/miniconda/envs/cocoa/include -Wl,-O2 -Wl,--sort-common -Wl,--as-needed -Wl,-z,relro -Wl,-z,now -Wl,--disable-new-dtags -Wl,--gc-sections -Wl,--allow-shlib-undefined -Wl,-rpath,/gpfs/home/vinmirandabr/data/Vivian/miniconda/envs/cocoa/lib -Wl,-rpath-link,/gpfs/home/vinmirandabr/data/Vivian/miniconda/envs/cocoa/lib -L/gpfs/home/vinmirandabr/data/Vivian/miniconda/envs/cocoa/lib -L/gpfs/home/vinmirandabr/data/Vivian/miniconda/envs/cocoa/lib -L/gpfs/projects/MirandaGroup/Vivian/2024/cocoa_dev4/Cocoa/.local/lib -L/gpfs/projects/MirandaGroup/Vivian/2024/cocoa_dev4/Cocoa/external_modules/code/PolyChordLite/lib  -Wl,-rpath-link,/gpfs/projects/MirandaGroup/Vivian/2024/cocoa_dev4/Cocoa/external_modules/code/PolyChordLite/lib conftest.c -lm >&5
configure:4383: $? = 0
configure:4391: result: yes
configure:4503: checking build system type
configure:4517: result: x86_64-conda-linux-gnu
configure:4537: checking host system type
configure:4550: result: x86_64-conda-linux-gnu
configure:4577: checking for shmget
configure:4577: /gpfs/home/vinmirandabr/data/Vivian/miniconda/envs/cocoa/bin/x86_64-conda-linux-gnu-cc -o conftest -march=nocona -mtune=haswell -ftree-vectorize -fPIC -fstack-protector-strong -fno-plt -O2 -ffunction-sections -pipe -isystem /gpfs/home/vinmirandabr/data/Vivian/miniconda/envs/cocoa/include -I/gpfs/home/vinmirandabr/data/Vivian/miniconda/envs/cocoa/include -I/gpfs/projects/MirandaGroup/Vivian/2024/cocoa_dev4/Cocoa/.local/lib/python3.8/site-packages/numpy/core/include -DNDEBUG -D_FORTIFY_SOURCE=2 -O2 -isystem /gpfs/home/vinmirandabr/data/Vivian/miniconda/envs/cocoa/include -Wl,-O2 -Wl,--sort-common -Wl,--as-needed -Wl,-z,relro -Wl,-z,now -Wl,--disable-new-dtags -Wl,--gc-sections -Wl,--allow-shlib-undefined -Wl,-rpath,/gpfs/home/vinmirandabr/data/Vivian/miniconda/envs/cocoa/lib -Wl,-rpath-link,/gpfs/home/vinmirandabr/data/Vivian/miniconda/envs/cocoa/lib -L/gpfs/home/vinmirandabr/data/Vivian/miniconda/envs/cocoa/lib -L/gpfs/home/vinmirandabr/data/Vivian/miniconda/envs/cocoa/lib -L/gpfs/projects/MirandaGroup/Vivian/2024/cocoa_dev4/Cocoa/.local/lib -L/gpfs/projects/MirandaGroup/Vivian/2024/cocoa_dev4/Cocoa/external_modules/code/PolyChordLite/lib  -Wl,-rpath-link,/gpfs/projects/MirandaGroup/Vivian/2024/cocoa_dev4/Cocoa/external_modules/code/PolyChordLite/lib conftest.c -lm >&5
configure:4577: $? = 0
configure:4577: result: yes
configure:4590: checking for getloadavg
configure:4590: /gpfs/home/vinmirandabr/data/Vivian/miniconda/envs/cocoa/bin/x86_64-conda-linux-gnu-cc -o conftest -march=nocona -mtune=haswell -ftree-vectorize -fPIC -fstack-protector-strong -fno-plt -O2 -ffunction-sections -pipe -isystem /gpfs/home/vinmirandabr/data/Vivian/miniconda/envs/cocoa/include -I/gpfs/home/vinmirandabr/data/Vivian/miniconda/envs/cocoa/include -I/gpfs/projects/MirandaGroup/Vivian/2024/cocoa_dev4/Cocoa/.local/lib/python3.8/site-packages/numpy/core/include -DNDEBUG -D_FORTIFY_SOURCE=2 -O2 -isystem /gpfs/home/vinmirandabr/data/Vivian/miniconda/envs/cocoa/include -Wl,-O2 -Wl,--sort-common -Wl,--as-needed -Wl,-z,relro -Wl,-z,now -Wl,--disable-new-dtags -Wl,--gc-sections -Wl,--allow-shlib-undefined -Wl,-rpath,/gpfs/home/vinmirandabr/data/Vivian/miniconda/envs/cocoa/lib -Wl,-rpath-link,/gpfs/home/vinmirandabr/data/Vivian/miniconda/envs/cocoa/lib -L/gpfs/home/vinmirandabr/data/Vivian/miniconda/envs/cocoa/lib -L/gpfs/home/vinmirandabr/data/Vivian/miniconda/envs/cocoa/lib -L/gpfs/projects/MirandaGroup/Vivian/2024/cocoa_dev4/Cocoa/.local/lib -L/gpfs/projects/MirandaGroup/Vivian/2024/cocoa_dev4/Cocoa/external_modules/code/PolyChordLite/lib  -Wl,-rpath-link,/gpfs/projects/MirandaGroup/Vivian/2024/cocoa_dev4/Cocoa/external_modules/code/PolyChordLite/lib conftest.c -lm >&5
configure:4590: $? = 0
configure:4590: result: yes
configure:4639: checking for variable-size arrays
configure:4645: /gpfs/home/vinmirandabr/data/Vivian/miniconda/envs/cocoa/bin/x86_64-conda-linux-gnu-cc -c -march=nocona -mtune=haswell -ftree-vectorize -fPIC -fstack-protector-strong -fno-plt -O2 -ffunction-sections -pipe -isystem /gpfs/home/vinmirandabr/data/Vivian/miniconda/envs/cocoa/include -I/gpfs/home/vinmirandabr/data/Vivian/miniconda/envs/cocoa/include -I/gpfs/projects/MirandaGroup/Vivian/2024/cocoa_dev4/Cocoa/.local/lib/python3.8/site-packages/numpy/core/include -DNDEBUG -D_FORTIFY_SOURCE=2 -O2 -isystem /gpfs/home/vinmirandabr/data/Vivian/miniconda/envs/cocoa/include conftest.c >&5
configure:4645: $? = 0
configure:4646: result: yes
configure:4665: checking for MathLink
configure:4699: result: no
configure:4709: checking for qmake
configure:4739: result: no
configure:4879: creating ./config.status

## ---------------------- ##
## Running config.status. ##
## ---------------------- ##

This file was extended by Cuba config.status 4.2.2, which was
generated by GNU Autoconf 2.69.  Invocation command line was

  CONFIG_FILES    = 
  CONFIG_HEADERS  = 
  CONFIG_LINKS    = 
  CONFIG_COMMANDS = 
  $ ./config.status 

on cn-nvidia

config.status:840: creating makefile
config.status:840: creating config.h

## ---------------- ##
## Cache variables. ##
## ---------------- ##

ac_cv_build=x86_64-conda-linux-gnu
ac_cv_c_compiler_gnu=yes
ac_cv_c_const=yes
ac_cv_c_inline=inline
ac_cv_c_long_double=yes
ac_cv_env_CC_set=set
ac_cv_env_CC_value=/gpfs/home/vinmirandabr/data/Vivian/miniconda/envs/cocoa/bin/x86_64-conda-linux-gnu-cc
ac_cv_env_CFLAGS_set=set
ac_cv_env_CFLAGS_value='-march=nocona -mtune=haswell -ftree-vectorize -fPIC -fstack-protector-strong -fno-plt -O2 -ffunction-sections -pipe -isystem /gpfs/home/vinmirandabr/data/Vivian/miniconda/envs/cocoa/include -I/gpfs/home/vinmirandabr/data/Vivian/miniconda/envs/cocoa/include -I/gpfs/projects/MirandaGroup/Vivian/2024/cocoa_dev4/Cocoa/.local/lib/python3.8/site-packages/numpy/core/include'
ac_cv_env_CPPFLAGS_set=set
ac_cv_env_CPPFLAGS_value='-DNDEBUG -D_FORTIFY_SOURCE=2 -O2 -isystem /gpfs/home/vinmirandabr/data/Vivian/miniconda/envs/cocoa/include'
ac_cv_env_CPP_set=set
ac_cv_env_CPP_value=/gpfs/home/vinmirandabr/data/Vivian/miniconda/envs/cocoa/bin/x86_64-conda-linux-gnu-cpp
ac_cv_env_FCFLAGS_set=
ac_cv_env_FCFLAGS_value=
ac_cv_env_FC_set=set
ac_cv_env_FC_value=/gpfs/home/vinmirandabr/data/Vivian/miniconda/envs/cocoa/bin/x86_64-conda-linux-gnu-gfortran
ac_cv_env_LDFLAGS_set=set
ac_cv_env_LDFLAGS_value='-Wl,-O2 -Wl,--sort-common -Wl,--as-needed -Wl,-z,relro -Wl,-z,now -Wl,--disable-new-dtags -Wl,--gc-sections -Wl,--allow-shlib-undefined -Wl,-rpath,/gpfs/home/vinmirandabr/data/Vivian/miniconda/envs/cocoa/lib -Wl,-rpath-link,/gpfs/home/vinmirandabr/data/Vivian/miniconda/envs/cocoa/lib -L/gpfs/home/vinmirandabr/data/Vivian/miniconda/envs/cocoa/lib -L/gpfs/home/vinmirandabr/data/Vivian/miniconda/envs/cocoa/lib -L/gpfs/projects/MirandaGroup/Vivian/2024/cocoa_dev4/Cocoa/.local/lib -L/gpfs/projects/MirandaGroup/Vivian/2024/cocoa_dev4/Cocoa/external_modules/code/PolyChordLite/lib  -Wl,-rpath-link,/gpfs/projects/MirandaGroup/Vivian/2024/cocoa_dev4/Cocoa/external_modules/code/PolyChordLite/lib'
ac_cv_env_LIBS_set=
ac_cv_env_LIBS_value=
ac_cv_env_MCFLAGS_set=
ac_cv_env_MCFLAGS_value=
ac_cv_env_build_alias_set=set
ac_cv_env_build_alias_value=x86_64-conda-linux-gnu
ac_cv_env_host_alias_set=set
ac_cv_env_host_alias_value=x86_64-conda-linux-gnu
ac_cv_env_target_alias_set=
ac_cv_env_target_alias_value=
ac_cv_fc_compiler_gnu=yes
ac_cv_func_alloca_works=yes
ac_cv_func_erf=yes
ac_cv_func_fork=yes
ac_cv_func_fork_works=yes
ac_cv_func_getloadavg=yes
ac_cv_func_powl=yes
ac_cv_func_shmget=yes
ac_cv_func_vfork=yes
ac_cv_func_vfork_works=yes
ac_cv_header_inttypes_h=yes
ac_cv_header_memory_h=yes
ac_cv_header_stdc=yes
ac_cv_header_stdint_h=yes
ac_cv_header_stdlib_h=yes
ac_cv_header_string_h=yes
ac_cv_header_strings_h=yes
ac_cv_header_sys_stat_h=yes
ac_cv_header_sys_types_h=yes
ac_cv_header_unistd_h=yes
ac_cv_header_vfork_h=no
ac_cv_host=x86_64-conda-linux-gnu
ac_cv_objext=o
ac_cv_path_EGREP='/usr/bin/grep -E'
ac_cv_path_GREP=/usr/bin/grep
ac_cv_path_install='/usr/bin/install -c'
ac_cv_prog_CC=/gpfs/home/vinmirandabr/data/Vivian/miniconda/envs/cocoa/bin/x86_64-conda-linux-gnu-cc
ac_cv_prog_CPP=/gpfs/home/vinmirandabr/data/Vivian/miniconda/envs/cocoa/bin/x86_64-conda-linux-gnu-cpp
ac_cv_prog_FC=/gpfs/home/vinmirandabr/data/Vivian/miniconda/envs/cocoa/bin/x86_64-conda-linux-gnu-gfortran
ac_cv_prog_RANLIB=/gpfs/home/vinmirandabr/data/Vivian/miniconda/envs/cocoa/bin/x86_64-conda-linux-gnu-ranlib
ac_cv_prog_cc_c89=
ac_cv_prog_cc_g=yes
ac_cv_prog_fc_g=yes
ac_cv_type_long_double_wider=yes
ac_cv_type_pid_t=yes
ac_cv_type_size_t=yes
ac_cv_type_ssize_t=yes
ac_cv_working_alloca_h=yes

## ----------------- ##
## Output variables. ##
## ----------------- ##

ALLOCA=''
CC='/gpfs/home/vinmirandabr/data/Vivian/miniconda/envs/cocoa/bin/x86_64-conda-linux-gnu-cc'
CFLAGS='-march=nocona -mtune=haswell -ftree-vectorize -fPIC -fstack-protector-strong -fno-plt -O2 -ffunction-sections -pipe -isystem /gpfs/home/vinmirandabr/data/Vivian/miniconda/envs/cocoa/include -I/gpfs/home/vinmirandabr/data/Vivian/miniconda/envs/cocoa/include -I/gpfs/projects/MirandaGroup/Vivian/2024/cocoa_dev4/Cocoa/.local/lib/python3.8/site-packages/numpy/core/include'
CPP='/gpfs/home/vinmirandabr/data/Vivian/miniconda/envs/cocoa/bin/x86_64-conda-linux-gnu-cpp'
CPPFLAGS='-DNDEBUG -D_FORTIFY_SOURCE=2 -O2 -isystem /gpfs/home/vinmirandabr/data/Vivian/miniconda/envs/cocoa/include'
DEFS='-DHAVE_CONFIG_H'
DEMO_FORTRAN_DEFAULT='demo-fortran'
ECHO_C=''
ECHO_N='-n'
ECHO_T=''
EGREP='/usr/bin/grep -E'
EXEEXT=''
FC='/gpfs/home/vinmirandabr/data/Vivian/miniconda/envs/cocoa/bin/x86_64-conda-linux-gnu-gfortran'
FCFLAGS='-g -O2'
GREP='/usr/bin/grep'
HAVE_QMAKE=''
INSTALL_DATA='${INSTALL} -m 644'
INSTALL_PROGRAM='${INSTALL}'
INSTALL_SCRIPT='${INSTALL}'
LDFLAGS='-Wl,-O2 -Wl,--sort-common -Wl,--as-needed -Wl,-z,relro -Wl,-z,now -Wl,--disable-new-dtags -Wl,--gc-sections -Wl,--allow-shlib-undefined -Wl,-rpath,/gpfs/home/vinmirandabr/data/Vivian/miniconda/envs/cocoa/lib -Wl,-rpath-link,/gpfs/home/vinmirandabr/data/Vivian/miniconda/envs/cocoa/lib -L/gpfs/home/vinmirandabr/data/Vivian/miniconda/envs/cocoa/lib -L/gpfs/home/vinmirandabr/data/Vivian/miniconda/envs/cocoa/lib -L/gpfs/projects/MirandaGroup/Vivian/2024/cocoa_dev4/Cocoa/.local/lib -L/gpfs/projects/MirandaGroup/Vivian/2024/cocoa_dev4/Cocoa/external_modules/code/PolyChordLite/lib  -Wl,-rpath-link,/gpfs/projects/MirandaGroup/Vivian/2024/cocoa_dev4/Cocoa/external_modules/code/PolyChordLite/lib'
LIBOBJS=''
LIBS='-lm'
LTLIBOBJS=''
MATH_DEFAULT=''
MCFLAGS=''
MCSTDCPP='-stdlib=libstdc++'
OBJEXT='o'
PACKAGE_BUGREPORT='hahn@feynarts.de'
PACKAGE_NAME='Cuba'
PACKAGE_STRING='Cuba 4.2.2'
PACKAGE_TARNAME='cuba'
PACKAGE_URL=''
PACKAGE_VERSION='4.2.2'
PATH_SEPARATOR=':'
RANLIB='/gpfs/home/vinmirandabr/data/Vivian/miniconda/envs/cocoa/bin/x86_64-conda-linux-gnu-ranlib'
REALSIZE='8'
SHELL='/bin/sh'
SUFFIX=''
TOOLS_DEFAULT=''
ac_ct_CC=''
ac_ct_FC=''
bindir='${exec_prefix}/bin'
build='x86_64-conda-linux-gnu'
build_alias='x86_64-conda-linux-gnu'
build_cpu='x86_64'
build_os='linux-gnu'
build_vendor='conda'
datadir='${datarootdir}'
datarootdir='${prefix}/share'
docdir='${datarootdir}/doc/${PACKAGE_TARNAME}'
dvidir='${docdir}'
exec_prefix='${prefix}'
host='x86_64-conda-linux-gnu'
host_alias='x86_64-conda-linux-gnu'
host_cpu='x86_64'
host_os='linux-gnu'
host_vendor='conda'
htmldir='${docdir}'
includedir='${prefix}/include'
infodir='${datarootdir}/info'
libdir='${exec_prefix}/lib'
libexecdir='${exec_prefix}/libexec'
localedir='${datarootdir}/locale'
localstatedir='${prefix}/var'
mandir='${datarootdir}/man'
oldincludedir='/usr/include'
pdfdir='${docdir}'
prefix='/gpfs/projects/MirandaGroup/Vivian/2024/cocoa_dev4/Cocoa/.local'
program_transform_name='s,x,x,'
psdir='${docdir}'
sbindir='${exec_prefix}/sbin'
sharedstatedir='${prefix}/com'
sysconfdir='${prefix}/etc'
target_alias=''

## ----------- ##
## confdefs.h. ##
## ----------- ##

/* confdefs.h */
#define PACKAGE_NAME "Cuba"
#define PACKAGE_TARNAME "cuba"
#define PACKAGE_VERSION "4.2.2"
#define PACKAGE_STRING "Cuba 4.2.2"
#define PACKAGE_BUGREPORT "hahn@feynarts.de"
#define PACKAGE_URL ""
#define HAVE_LONG_DOUBLE_WIDER 1
#define HAVE_LONG_DOUBLE 1
#define STDC_HEADERS 1
#define HAVE_SYS_TYPES_H 1
#define HAVE_SYS_STAT_H 1
#define HAVE_STDLIB_H 1
#define HAVE_STRING_H 1
#define HAVE_MEMORY_H 1
#define HAVE_STRINGS_H 1
#define HAVE_INTTYPES_H 1
#define HAVE_STDINT_H 1
#define HAVE_UNISTD_H 1
#define HAVE_POWL 1
#define HAVE_ERF 1
#define HAVE_FORK 1
#define HAVE_VFORK 1
#define HAVE_WORKING_VFORK 1
#define HAVE_WORKING_FORK 1
#define HAVE_ALLOCA_H 1
#define HAVE_ALLOCA 1
#define HAVE_SHMGET 1
#define HAVE_GETLOADAVG 1

configure: exit 0
